<!-- 
emba - EMBEDDED LINUX ANALYZER

Copyright 2020-2021 Siemens AG
Copyright 2020-2021 Siemens Energy AG

emba comes with ABSOLUTELY NO WARRANTY. This is free software, and you are
welcome to redistribute it under the terms of the GNU General Public License.
See LICENSE file for usage of this software.

emba is licensed under GPLv3

Author(s): Michael Messner, Pascal Eckmann, Stefan Haboeck
-->

<!-- Used icons: https://github.com/CoreyGinnivan/system-uicons -->
 
<!DOCTYPE html>
<html lang="en">
<head>
  <title>EMBA firmware report</title>
  <meta charset="UTF-8">
  <meta name="viewport" content="width=device-width, initial-scale=1">
  <link rel="stylesheet" href="./../style/style.css" type="text/css">
  <link rel="icon" type="image/png" href="./../style/favicon.png">
</head>
<body>

<div id="sidenav" class="side">
  <div class="logo">
    <a class="inherit" href="./../index.html"><img class="inherit" src="./../style/emba.svg" alt="emba logo"></a>
  </div>
  <div id="nav">
      <a class="back" href="./../index.html">&laquo; Back to main</a>
<a class="modul" href="./../s21_python_check.html" title="./../s21_python_check.html" >&laquo; Back to s21_python_check</a>
      <!-- navigation start -->
      <!-- navigation end -->
      <input id="expand" class="expand_njs hidden" type="button" value="More results:" onclick="this.value=this.value=='+ Show more results'?'- Hide more results':'+ Show more results';">
      <div class="expand_area">
        <!-- etc start -->
        <!-- etc end -->
      </div>
  </div>
  <a href="TIMELINK"><div id="buttonTimeInvisible" class="rectButton"><svg xmlns="http://www.w3.org/2000/svg" xmlns:xlink="http://www.w3.org/1999/xlink" aria-hidden="true" focusable="false" width="40" height="40" style="-ms-transform: rotate(360deg); -webkit-transform: rotate(360deg); transform: rotate(360deg);" preserveAspectRatio="xMidYMid meet" viewBox="0 0 21 21"><g fill="none" fill-rule="evenodd" stroke="white" stroke-linecap="round" stroke-linejoin="round" transform="matrix(-1 0 0 1 19 2)"><circle cx="8.5" cy="8.5" r="8"/><path d="M8.5 5.5v4H5"/></g></svg></div></a>
  <div id="buttonSizer" class="rectButton buttonClose" onclick="buttonNav()"></div>
</div>
<div id="main" class="main">
  <!-- content start -->
<pre>************* Module sre_compile</pre>
<pre>/log/firmware/firmware/usr/lib/python3.8/sre_compile.py:759:0: W0622: Redefining built-in 'compile' (redefined-builtin)</pre>
<pre>/log/firmware/firmware/usr/lib/python3.8/sre_compile.py:15:0: W0401: Wildcard import sre_constants (wildcard-import)</pre>
<pre>/log/firmware/firmware/usr/lib/python3.8/sre_compile.py:19:18: E0602: Undefined variable 'LITERAL' (undefined-variable)</pre>
<pre>/log/firmware/firmware/usr/lib/python3.8/sre_compile.py:19:27: E0602: Undefined variable 'NOT_LITERAL' (undefined-variable)</pre>
<pre>/log/firmware/firmware/usr/lib/python3.8/sre_compile.py:20:20: E0602: Undefined variable 'REPEAT' (undefined-variable)</pre>
<pre>/log/firmware/firmware/usr/lib/python3.8/sre_compile.py:20:28: E0602: Undefined variable 'MIN_REPEAT' (undefined-variable)</pre>
<pre>/log/firmware/firmware/usr/lib/python3.8/sre_compile.py:20:40: E0602: Undefined variable 'MAX_REPEAT' (undefined-variable)</pre>
<pre>/log/firmware/firmware/usr/lib/python3.8/sre_compile.py:21:18: E0602: Undefined variable 'SUCCESS' (undefined-variable)</pre>
<pre>/log/firmware/firmware/usr/lib/python3.8/sre_compile.py:21:27: E0602: Undefined variable 'FAILURE' (undefined-variable)</pre>
<pre>/log/firmware/firmware/usr/lib/python3.8/sre_compile.py:22:17: E0602: Undefined variable 'ASSERT' (undefined-variable)</pre>
<pre>/log/firmware/firmware/usr/lib/python3.8/sre_compile.py:22:25: E0602: Undefined variable 'ASSERT_NOT' (undefined-variable)</pre>
<pre>/log/firmware/firmware/usr/lib/python3.8/sre_compile.py:23:32: E0602: Undefined variable 'ANY' (undefined-variable)</pre>
<pre>/log/firmware/firmware/usr/lib/python3.8/sre_compile.py:23:37: E0602: Undefined variable 'IN' (undefined-variable)</pre>
<pre>/log/firmware/firmware/usr/lib/python3.8/sre_compile.py:65:0: C0103: Argument name "TYPE_FLAGS" doesn't conform to snake_case naming style (invalid-name)</pre>
<pre>/log/firmware/firmware/usr/lib/python3.8/sre_compile.py:71:0: R0914: Too many local variables (28/15) (too-many-locals)</pre>
<pre>/log/firmware/firmware/usr/lib/python3.8/sre_compile.py:75:4: C0103: Variable name "LITERAL_CODES" doesn't conform to snake_case naming style (invalid-name)</pre>
<pre>/log/firmware/firmware/usr/lib/python3.8/sre_compile.py:76:4: C0103: Variable name "REPEATING_CODES" doesn't conform to snake_case naming style (invalid-name)</pre>
<pre>/log/firmware/firmware/usr/lib/python3.8/sre_compile.py:77:4: C0103: Variable name "SUCCESS_CODES" doesn't conform to snake_case naming style (invalid-name)</pre>
<pre>/log/firmware/firmware/usr/lib/python3.8/sre_compile.py:78:4: C0103: Variable name "ASSERT_CODES" doesn't conform to snake_case naming style (invalid-name)</pre>
<pre>/log/firmware/firmware/usr/lib/python3.8/sre_compile.py:90:8: C0103: Variable name "op" doesn't conform to snake_case naming style (invalid-name)</pre>
<pre>/log/firmware/firmware/usr/lib/python3.8/sre_compile.py:90:12: C0103: Variable name "av" doesn't conform to snake_case naming style (invalid-name)</pre>
<pre>/log/firmware/firmware/usr/lib/python3.8/sre_compile.py:102:16: C0103: Variable name "lo" doesn't conform to snake_case naming style (invalid-name)</pre>
<pre>/log/firmware/firmware/usr/lib/python3.8/sre_compile.py:110:25: E0602: Undefined variable 'IN_UNI_IGNORE' (undefined-variable)</pre>
<pre>/log/firmware/firmware/usr/lib/python3.8/sre_compile.py:111:39: C0321: More than one statement on a single line (multiple-statements)</pre>
<pre>/log/firmware/firmware/usr/lib/python3.8/sre_compile.py:112:29: E0602: Undefined variable 'NOT_LITERAL' (undefined-variable)</pre>
<pre>/log/firmware/firmware/usr/lib/python3.8/sre_compile.py:113:29: E0602: Undefined variable 'NEGATE' (undefined-variable)</pre>
<pre>/log/firmware/firmware/usr/lib/python3.8/sre_compile.py:115:29: E0602: Undefined variable 'LITERAL' (undefined-variable)</pre>
<pre>/log/firmware/firmware/usr/lib/python3.8/sre_compile.py:117:25: E0602: Undefined variable 'FAILURE' (undefined-variable)</pre>
<pre>/log/firmware/firmware/usr/lib/python3.8/sre_compile.py:119:19: E0602: Undefined variable 'IN' (undefined-variable)</pre>
<pre>/log/firmware/firmware/usr/lib/python3.8/sre_compile.py:122:21: E0602: Undefined variable 'IN_LOC_IGNORE' (undefined-variable)</pre>
<pre>/log/firmware/firmware/usr/lib/python3.8/sre_compile.py:124:21: E0602: Undefined variable 'IN' (undefined-variable)</pre>
<pre>/log/firmware/firmware/usr/lib/python3.8/sre_compile.py:126:21: E0602: Undefined variable 'IN_IGNORE' (undefined-variable)</pre>
<pre>/log/firmware/firmware/usr/lib/python3.8/sre_compile.py:128:21: E0602: Undefined variable 'IN_UNI_IGNORE' (undefined-variable)</pre>
<pre>/log/firmware/firmware/usr/lib/python3.8/sre_compile.py:129:31: C0321: More than one statement on a single line (multiple-statements)</pre>
<pre>/log/firmware/firmware/usr/lib/python3.8/sre_compile.py:132:19: E0602: Undefined variable 'ANY' (undefined-variable)</pre>
<pre>/log/firmware/firmware/usr/lib/python3.8/sre_compile.py:134:21: E0602: Undefined variable 'ANY_ALL' (undefined-variable)</pre>
<pre>/log/firmware/firmware/usr/lib/python3.8/sre_compile.py:136:21: E0602: Undefined variable 'ANY' (undefined-variable)</pre>
<pre>/log/firmware/firmware/usr/lib/python3.8/sre_compile.py:141:25: E0602: Undefined variable 'MAX_REPEAT' (undefined-variable)</pre>
<pre>/log/firmware/firmware/usr/lib/python3.8/sre_compile.py:142:25: E0602: Undefined variable 'REPEAT_ONE' (undefined-variable)</pre>
<pre>/log/firmware/firmware/usr/lib/python3.8/sre_compile.py:144:25: E0602: Undefined variable 'MIN_REPEAT_ONE' (undefined-variable)</pre>
<pre>/log/firmware/firmware/usr/lib/python3.8/sre_compile.py:145:35: C0321: More than one statement on a single line (multiple-statements)</pre>
<pre>/log/firmware/firmware/usr/lib/python3.8/sre_compile.py:149:21: E0602: Undefined variable 'SUCCESS' (undefined-variable)</pre>
<pre>/log/firmware/firmware/usr/lib/python3.8/sre_compile.py:152:21: E0602: Undefined variable 'REPEAT' (undefined-variable)</pre>
<pre>/log/firmware/firmware/usr/lib/python3.8/sre_compile.py:153:35: C0321: More than one statement on a single line (multiple-statements)</pre>
<pre>/log/firmware/firmware/usr/lib/python3.8/sre_compile.py:158:25: E0602: Undefined variable 'MAX_REPEAT' (undefined-variable)</pre>
<pre>/log/firmware/firmware/usr/lib/python3.8/sre_compile.py:159:25: E0602: Undefined variable 'MAX_UNTIL' (undefined-variable)</pre>
<pre>/log/firmware/firmware/usr/lib/python3.8/sre_compile.py:161:25: E0602: Undefined variable 'MIN_UNTIL' (undefined-variable)</pre>
<pre>/log/firmware/firmware/usr/lib/python3.8/sre_compile.py:162:19: E0602: Undefined variable 'SUBPATTERN' (undefined-variable)</pre>
<pre>/log/firmware/firmware/usr/lib/python3.8/sre_compile.py:163:41: C0103: Variable name "p" doesn't conform to snake_case naming style (invalid-name)</pre>
<pre>/log/firmware/firmware/usr/lib/python3.8/sre_compile.py:165:21: E0602: Undefined variable 'MARK' (undefined-variable)</pre>
<pre>/log/firmware/firmware/usr/lib/python3.8/sre_compile.py:170:21: E0602: Undefined variable 'MARK' (undefined-variable)</pre>
<pre>/log/firmware/firmware/usr/lib/python3.8/sre_compile.py:176:31: C0321: More than one statement on a single line (multiple-statements)</pre>
<pre>/log/firmware/firmware/usr/lib/python3.8/sre_compile.py:180:16: C0103: Variable name "lo" doesn't conform to snake_case naming style (invalid-name)</pre>
<pre>/log/firmware/firmware/usr/lib/python3.8/sre_compile.py:180:20: C0103: Variable name "hi" doesn't conform to snake_case naming style (invalid-name)</pre>
<pre>/log/firmware/firmware/usr/lib/python3.8/sre_compile.py:185:17: E0602: Undefined variable 'SUCCESS' (undefined-variable)</pre>
<pre>/log/firmware/firmware/usr/lib/python3.8/sre_compile.py:187:19: E0602: Undefined variable 'CALL' (undefined-variable)</pre>
<pre>/log/firmware/firmware/usr/lib/python3.8/sre_compile.py:189:31: C0321: More than one statement on a single line (multiple-statements)</pre>
<pre>/log/firmware/firmware/usr/lib/python3.8/sre_compile.py:191:17: E0602: Undefined variable 'SUCCESS' (undefined-variable)</pre>
<pre>/log/firmware/firmware/usr/lib/python3.8/sre_compile.py:193:19: E0602: Undefined variable 'AT' (undefined-variable)</pre>
<pre>/log/firmware/firmware/usr/lib/python3.8/sre_compile.py:196:16: C0103: Variable name "av" doesn't conform to snake_case naming style (invalid-name)</pre>
<pre>/log/firmware/firmware/usr/lib/python3.8/sre_compile.py:198:16: C0103: Variable name "av" doesn't conform to snake_case naming style (invalid-name)</pre>
<pre>/log/firmware/firmware/usr/lib/python3.8/sre_compile.py:200:16: C0103: Variable name "av" doesn't conform to snake_case naming style (invalid-name)</pre>
<pre>/log/firmware/firmware/usr/lib/python3.8/sre_compile.py:202:19: E0602: Undefined variable 'BRANCH' (undefined-variable)</pre>
<pre>/log/firmware/firmware/usr/lib/python3.8/sre_compile.py:206:12: W0621: Redefining name 'av' from outer scope (line 90) (redefined-outer-name)</pre>
<pre>/log/firmware/firmware/usr/lib/python3.8/sre_compile.py:206:16: C0103: Variable name "av" doesn't conform to snake_case naming style (invalid-name)</pre>
<pre>/log/firmware/firmware/usr/lib/python3.8/sre_compile.py:207:35: C0321: More than one statement on a single line (multiple-statements)</pre>
<pre>/log/firmware/firmware/usr/lib/python3.8/sre_compile.py:210:21: E0602: Undefined variable 'JUMP' (undefined-variable)</pre>
<pre>/log/firmware/firmware/usr/lib/python3.8/sre_compile.py:211:40: C0321: More than one statement on a single line (multiple-statements)</pre>
<pre>/log/firmware/firmware/usr/lib/python3.8/sre_compile.py:213:17: E0602: Undefined variable 'FAILURE' (undefined-variable)</pre>
<pre>/log/firmware/firmware/usr/lib/python3.8/sre_compile.py:216:19: E0602: Undefined variable 'CATEGORY' (undefined-variable)</pre>
<pre>/log/firmware/firmware/usr/lib/python3.8/sre_compile.py:219:16: C0103: Variable name "av" doesn't conform to snake_case naming style (invalid-name)</pre>
<pre>/log/firmware/firmware/usr/lib/python3.8/sre_compile.py:221:16: C0103: Variable name "av" doesn't conform to snake_case naming style (invalid-name)</pre>
<pre>/log/firmware/firmware/usr/lib/python3.8/sre_compile.py:223:19: E0602: Undefined variable 'GROUPREF' (undefined-variable)</pre>
<pre>/log/firmware/firmware/usr/lib/python3.8/sre_compile.py:227:21: E0602: Undefined variable 'GROUPREF_LOC_IGNORE' (undefined-variable)</pre>
<pre>/log/firmware/firmware/usr/lib/python3.8/sre_compile.py:229:21: E0602: Undefined variable 'GROUPREF_IGNORE' (undefined-variable)</pre>
<pre>/log/firmware/firmware/usr/lib/python3.8/sre_compile.py:231:21: E0602: Undefined variable 'GROUPREF_UNI_IGNORE' (undefined-variable)</pre>
<pre>/log/firmware/firmware/usr/lib/python3.8/sre_compile.py:233:19: E0602: Undefined variable 'GROUPREF_EXISTS' (undefined-variable)</pre>
<pre>/log/firmware/firmware/usr/lib/python3.8/sre_compile.py:236:34: C0321: More than one statement on a single line (multiple-statements)</pre>
<pre>/log/firmware/firmware/usr/lib/python3.8/sre_compile.py:239:21: E0602: Undefined variable 'JUMP' (undefined-variable)</pre>
<pre>/log/firmware/firmware/usr/lib/python3.8/sre_compile.py:240:37: C0321: More than one statement on a single line (multiple-statements)</pre>
<pre>/log/firmware/firmware/usr/lib/python3.8/sre_compile.py:71:0: R0912: Too many branches (58/12) (too-many-branches)</pre>
<pre>/log/firmware/firmware/usr/lib/python3.8/sre_compile.py:71:0: R0915: Too many statements (180/50) (too-many-statements)</pre>
<pre>/log/firmware/firmware/usr/lib/python3.8/sre_compile.py:252:8: C0103: Variable name "op" doesn't conform to snake_case naming style (invalid-name)</pre>
<pre>/log/firmware/firmware/usr/lib/python3.8/sre_compile.py:252:12: C0103: Variable name "av" doesn't conform to snake_case naming style (invalid-name)</pre>
<pre>/log/firmware/firmware/usr/lib/python3.8/sre_compile.py:254:17: E0602: Undefined variable 'NEGATE' (undefined-variable)</pre>
<pre>/log/firmware/firmware/usr/lib/python3.8/sre_compile.py:256:19: E0602: Undefined variable 'LITERAL' (undefined-variable)</pre>
<pre>/log/firmware/firmware/usr/lib/python3.8/sre_compile.py:258:19: E0602: Undefined variable 'RANGE' (undefined-variable)</pre>
<pre>/log/firmware/firmware/usr/lib/python3.8/sre_compile.py:258:34: E0602: Undefined variable 'RANGE_UNI_IGNORE' (undefined-variable)</pre>
<pre>/log/firmware/firmware/usr/lib/python3.8/sre_compile.py:261:19: E0602: Undefined variable 'CHARSET' (undefined-variable)</pre>
<pre>/log/firmware/firmware/usr/lib/python3.8/sre_compile.py:263:19: E0602: Undefined variable 'BIGCHARSET' (undefined-variable)</pre>
<pre>/log/firmware/firmware/usr/lib/python3.8/sre_compile.py:265:19: E0602: Undefined variable 'CATEGORY' (undefined-variable)</pre>
<pre>/log/firmware/firmware/usr/lib/python3.8/sre_compile.py:274:9: E0602: Undefined variable 'FAILURE' (undefined-variable)</pre>
<pre>/log/firmware/firmware/usr/lib/python3.8/sre_compile.py:276:0: R0914: Too many local variables (22/15) (too-many-locals)</pre>
<pre>/log/firmware/firmware/usr/lib/python3.8/sre_compile.py:282:8: C0103: Variable name "op" doesn't conform to snake_case naming style (invalid-name)</pre>
<pre>/log/firmware/firmware/usr/lib/python3.8/sre_compile.py:282:12: C0103: Variable name "av" doesn't conform to snake_case naming style (invalid-name)</pre>
<pre>/log/firmware/firmware/usr/lib/python3.8/sre_compile.py:285:25: E0602: Undefined variable 'LITERAL' (undefined-variable)</pre>
<pre>/log/firmware/firmware/usr/lib/python3.8/sre_compile.py:287:24: C0103: Variable name "lo" doesn't conform to snake_case naming style (invalid-name)</pre>
<pre>/log/firmware/firmware/usr/lib/python3.8/sre_compile.py:282:4: R1702: Too many nested blocks (7/5) (too-many-nested-blocks)</pre>
<pre>/log/firmware/firmware/usr/lib/python3.8/sre_compile.py:282:4: R1702: Too many nested blocks (6/5) (too-many-nested-blocks)</pre>
<pre>/log/firmware/firmware/usr/lib/python3.8/sre_compile.py:296:27: E0602: Undefined variable 'RANGE' (undefined-variable)</pre>
<pre>/log/firmware/firmware/usr/lib/python3.8/sre_compile.py:297:20: C0103: Variable name "r" doesn't conform to snake_case naming style (invalid-name)</pre>
<pre>/log/firmware/firmware/usr/lib/python3.8/sre_compile.py:282:4: R1702: Too many nested blocks (9/5) (too-many-nested-blocks)</pre>
<pre>/log/firmware/firmware/usr/lib/python3.8/sre_compile.py:282:4: R1702: Too many nested blocks (7/5) (too-many-nested-blocks)</pre>
<pre>/log/firmware/firmware/usr/lib/python3.8/sre_compile.py:282:4: R1702: Too many nested blocks (6/5) (too-many-nested-blocks)</pre>
<pre>/log/firmware/firmware/usr/lib/python3.8/sre_compile.py:313:27: E0602: Undefined variable 'NEGATE' (undefined-variable)</pre>
<pre>/log/firmware/firmware/usr/lib/python3.8/sre_compile.py:328:29: E0602: Undefined variable 'RANGE' (undefined-variable)</pre>
<pre>/log/firmware/firmware/usr/lib/python3.8/sre_compile.py:329:24: C0103: Variable name "op" doesn't conform to snake_case naming style (invalid-name)</pre>
<pre>/log/firmware/firmware/usr/lib/python3.8/sre_compile.py:329:29: E0602: Undefined variable 'RANGE_UNI_IGNORE' (undefined-variable)</pre>
<pre>/log/firmware/firmware/usr/lib/python3.8/sre_compile.py:335:4: C0103: Variable name "q" doesn't conform to snake_case naming style (invalid-name)</pre>
<pre>/log/firmware/firmware/usr/lib/python3.8/sre_compile.py:337:8: C0103: Variable name "p" doesn't conform to snake_case naming style (invalid-name)</pre>
<pre>/log/firmware/firmware/usr/lib/python3.8/sre_compile.py:343:8: C0103: Variable name "q" doesn't conform to snake_case naming style (invalid-name)</pre>
<pre>/log/firmware/firmware/usr/lib/python3.8/sre_compile.py:350:12: C0103: Variable name "p" doesn't conform to snake_case naming style (invalid-name)</pre>
<pre>/log/firmware/firmware/usr/lib/python3.8/sre_compile.py:350:15: C0103: Variable name "q" doesn't conform to snake_case naming style (invalid-name)</pre>
<pre>/log/firmware/firmware/usr/lib/python3.8/sre_compile.py:352:28: E0602: Undefined variable 'LITERAL' (undefined-variable)</pre>
<pre>/log/firmware/firmware/usr/lib/python3.8/sre_compile.py:354:28: E0602: Undefined variable 'RANGE' (undefined-variable)</pre>
<pre>/log/firmware/firmware/usr/lib/python3.8/sre_compile.py:365:20: E0602: Undefined variable 'CHARSET' (undefined-variable)</pre>
<pre>/log/firmware/firmware/usr/lib/python3.8/sre_compile.py:404:16: E0602: Undefined variable 'BIGCHARSET' (undefined-variable)</pre>
<pre>/log/firmware/firmware/usr/lib/python3.8/sre_compile.py:276:0: R0912: Too many branches (38/12) (too-many-branches)</pre>
<pre>/log/firmware/firmware/usr/lib/python3.8/sre_compile.py:276:0: R0915: Too many statements (83/50) (too-many-statements)</pre>
<pre>/log/firmware/firmware/usr/lib/python3.8/sre_compile.py:411:0: C0103: Argument name "_CODEBITS" doesn't conform to snake_case naming style (invalid-name)</pre>
<pre>/log/firmware/firmware/usr/lib/python3.8/sre_compile.py:412:4: C0103: Variable name "s" doesn't conform to snake_case naming style (invalid-name)</pre>
<pre>/log/firmware/firmware/usr/lib/python3.8/sre_compile.py:416:0: C0103: Argument name "b" doesn't conform to snake_case naming style (invalid-name)</pre>
<pre>/log/firmware/firmware/usr/lib/python3.8/sre_compile.py:418:4: C0103: Variable name "a" doesn't conform to snake_case naming style (invalid-name)</pre>
<pre>/log/firmware/firmware/usr/lib/python3.8/sre_compile.py:423:0: C0103: Argument name "p" doesn't conform to snake_case naming style (invalid-name)</pre>
<pre>/log/firmware/firmware/usr/lib/python3.8/sre_compile.py:427:4: C0103: Variable name "op" doesn't conform to snake_case naming style (invalid-name)</pre>
<pre>/log/firmware/firmware/usr/lib/python3.8/sre_compile.py:427:8: C0103: Variable name "av" doesn't conform to snake_case naming style (invalid-name)</pre>
<pre>/log/firmware/firmware/usr/lib/python3.8/sre_compile.py:428:13: E0602: Undefined variable 'SUBPATTERN' (undefined-variable)</pre>
<pre>/log/firmware/firmware/usr/lib/python3.8/sre_compile.py:454:4: R1705: Unnecessary "elif" after "return" (no-else-return)</pre>
<pre>/log/firmware/firmware/usr/lib/python3.8/sre_compile.py:461:0: R0914: Too many local variables (16/15) (too-many-locals)</pre>
<pre>/log/firmware/firmware/usr/lib/python3.8/sre_compile.py:467:8: C0103: Variable name "op" doesn't conform to snake_case naming style (invalid-name)</pre>
<pre>/log/firmware/firmware/usr/lib/python3.8/sre_compile.py:467:12: C0103: Variable name "av" doesn't conform to snake_case naming style (invalid-name)</pre>
<pre>/log/firmware/firmware/usr/lib/python3.8/sre_compile.py:468:17: E0602: Undefined variable 'LITERAL' (undefined-variable)</pre>
<pre>/log/firmware/firmware/usr/lib/python3.8/sre_compile.py:472:19: E0602: Undefined variable 'SUBPATTERN' (undefined-variable)</pre>
<pre>/log/firmware/firmware/usr/lib/python3.8/sre_compile.py:473:41: C0103: Variable name "p" doesn't conform to snake_case naming style (invalid-name)</pre>
<pre>/log/firmware/firmware/usr/lib/python3.8/sre_compile.py:496:8: C0103: Variable name "op" doesn't conform to snake_case naming style (invalid-name)</pre>
<pre>/log/firmware/firmware/usr/lib/python3.8/sre_compile.py:496:12: C0103: Variable name "av" doesn't conform to snake_case naming style (invalid-name)</pre>
<pre>/log/firmware/firmware/usr/lib/python3.8/sre_compile.py:497:21: E0602: Undefined variable 'SUBPATTERN' (undefined-variable)</pre>
<pre>/log/firmware/firmware/usr/lib/python3.8/sre_compile.py:505:4: R1705: Unnecessary "elif" after "return" (no-else-return)</pre>
<pre>/log/firmware/firmware/usr/lib/python3.8/sre_compile.py:505:13: E0602: Undefined variable 'LITERAL' (undefined-variable)</pre>
<pre>/log/firmware/firmware/usr/lib/python3.8/sre_compile.py:509:15: E0602: Undefined variable 'BRANCH' (undefined-variable)</pre>
<pre>/log/firmware/firmware/usr/lib/python3.8/sre_compile.py:512:12: C0103: Variable name "p" doesn't conform to snake_case naming style (invalid-name)</pre>
<pre>/log/firmware/firmware/usr/lib/python3.8/sre_compile.py:515:12: C0103: Variable name "op" doesn't conform to snake_case naming style (invalid-name)</pre>
<pre>/log/firmware/firmware/usr/lib/python3.8/sre_compile.py:515:16: C0103: Variable name "av" doesn't conform to snake_case naming style (invalid-name)</pre>
<pre>/log/firmware/firmware/usr/lib/python3.8/sre_compile.py:516:21: E0602: Undefined variable 'LITERAL' (undefined-variable)</pre>
<pre>/log/firmware/firmware/usr/lib/python3.8/sre_compile.py:521:15: E0602: Undefined variable 'IN' (undefined-variable)</pre>
<pre>/log/firmware/firmware/usr/lib/python3.8/sre_compile.py:524:16: C0103: Variable name "op" doesn't conform to snake_case naming style (invalid-name)</pre>
<pre>/log/firmware/firmware/usr/lib/python3.8/sre_compile.py:524:20: C0103: Variable name "av" doesn't conform to snake_case naming style (invalid-name)</pre>
<pre>/log/firmware/firmware/usr/lib/python3.8/sre_compile.py:525:25: E0602: Undefined variable 'LITERAL' (undefined-variable)</pre>
<pre>/log/firmware/firmware/usr/lib/python3.8/sre_compile.py:528:27: E0602: Undefined variable 'RANGE' (undefined-variable)</pre>
<pre>/log/firmware/firmware/usr/lib/python3.8/sre_compile.py:499:8: W0612: Unused variable 'group' (unused-variable)</pre>
<pre>/log/firmware/firmware/usr/lib/python3.8/sre_compile.py:492:0: R0911: Too many return statements (12/6) (too-many-return-statements)</pre>
<pre>/log/firmware/firmware/usr/lib/python3.8/sre_compile.py:492:0: R0912: Too many branches (19/12) (too-many-branches)</pre>
<pre>/log/firmware/firmware/usr/lib/python3.8/sre_compile.py:540:4: C0103: Variable name "lo" doesn't conform to snake_case naming style (invalid-name)</pre>
<pre>/log/firmware/firmware/usr/lib/python3.8/sre_compile.py:540:8: C0103: Variable name "hi" doesn't conform to snake_case naming style (invalid-name)</pre>
<pre>/log/firmware/firmware/usr/lib/python3.8/sre_compile.py:542:8: C0103: Variable name "hi" doesn't conform to snake_case naming style (invalid-name)</pre>
<pre>/log/firmware/firmware/usr/lib/python3.8/sre_compile.py:544:21: E0602: Undefined variable 'INFO' (undefined-variable)</pre>
<pre>/log/firmware/firmware/usr/lib/python3.8/sre_compile.py:562:9: E0602: Undefined variable 'INFO' (undefined-variable)</pre>
<pre>/log/firmware/firmware/usr/lib/python3.8/sre_compile.py:563:22: C0321: More than one statement on a single line (multiple-statements)</pre>
<pre>/log/firmware/firmware/usr/lib/python3.8/sre_compile.py:598:0: C0103: Argument name "p" doesn't conform to snake_case naming style (invalid-name)</pre>
<pre>/log/firmware/firmware/usr/lib/python3.8/sre_compile.py:609:16: E0602: Undefined variable 'SUCCESS' (undefined-variable)</pre>
<pre>/log/firmware/firmware/usr/lib/python3.8/sre_compile.py:617:4: C0415: Import outside toplevel (sys) (import-outside-toplevel)</pre>
<pre>/log/firmware/firmware/usr/lib/python3.8/sre_compile.py:713:22: W0622: Redefining built-in 'min' (redefined-builtin)</pre>
<pre>/log/firmware/firmware/usr/lib/python3.8/sre_compile.py:713:27: W0622: Redefining built-in 'max' (redefined-builtin)</pre>
<pre>/log/firmware/firmware/usr/lib/python3.8/sre_compile.py:623:4: R0914: Too many local variables (19/15) (too-many-locals)</pre>
<pre>/log/firmware/firmware/usr/lib/python3.8/sre_compile.py:624:26: C0103: Variable name "to" doesn't conform to snake_case naming style (invalid-name)</pre>
<pre>/log/firmware/firmware/usr/lib/python3.8/sre_compile.py:641:12: C0103: Variable name "op" doesn't conform to snake_case naming style (invalid-name)</pre>
<pre>/log/firmware/firmware/usr/lib/python3.8/sre_compile.py:643:12: C0103: Variable name "op" doesn't conform to snake_case naming style (invalid-name)</pre>
<pre>/log/firmware/firmware/usr/lib/python3.8/sre_compile.py:644:22: E0602: Undefined variable 'SUCCESS' (undefined-variable)</pre>
<pre>/log/firmware/firmware/usr/lib/python3.8/sre_compile.py:644:31: E0602: Undefined variable 'FAILURE' (undefined-variable)</pre>
<pre>/log/firmware/firmware/usr/lib/python3.8/sre_compile.py:644:40: E0602: Undefined variable 'ANY' (undefined-variable)</pre>
<pre>/log/firmware/firmware/usr/lib/python3.8/sre_compile.py:644:45: E0602: Undefined variable 'ANY_ALL' (undefined-variable)</pre>
<pre>/log/firmware/firmware/usr/lib/python3.8/sre_compile.py:645:22: E0602: Undefined variable 'MAX_UNTIL' (undefined-variable)</pre>
<pre>/log/firmware/firmware/usr/lib/python3.8/sre_compile.py:645:33: E0602: Undefined variable 'MIN_UNTIL' (undefined-variable)</pre>
<pre>/log/firmware/firmware/usr/lib/python3.8/sre_compile.py:645:44: E0602: Undefined variable 'NEGATE' (undefined-variable)</pre>
<pre>/log/firmware/firmware/usr/lib/python3.8/sre_compile.py:647:24: E0602: Undefined variable 'LITERAL' (undefined-variable)</pre>
<pre>/log/firmware/firmware/usr/lib/python3.8/sre_compile.py:647:33: E0602: Undefined variable 'NOT_LITERAL' (undefined-variable)</pre>
<pre>/log/firmware/firmware/usr/lib/python3.8/sre_compile.py:648:24: E0602: Undefined variable 'LITERAL_IGNORE' (undefined-variable)</pre>
<pre>/log/firmware/firmware/usr/lib/python3.8/sre_compile.py:648:40: E0602: Undefined variable 'NOT_LITERAL_IGNORE' (undefined-variable)</pre>
<pre>/log/firmware/firmware/usr/lib/python3.8/sre_compile.py:649:24: E0602: Undefined variable 'LITERAL_UNI_IGNORE' (undefined-variable)</pre>
<pre>/log/firmware/firmware/usr/lib/python3.8/sre_compile.py:649:44: E0602: Undefined variable 'NOT_LITERAL_UNI_IGNORE' (undefined-variable)</pre>
<pre>/log/firmware/firmware/usr/lib/python3.8/sre_compile.py:650:24: E0602: Undefined variable 'LITERAL_LOC_IGNORE' (undefined-variable)</pre>
<pre>/log/firmware/firmware/usr/lib/python3.8/sre_compile.py:650:44: E0602: Undefined variable 'NOT_LITERAL_LOC_IGNORE' (undefined-variable)</pre>
<pre>/log/firmware/firmware/usr/lib/python3.8/sre_compile.py:654:23: E0602: Undefined variable 'AT' (undefined-variable)</pre>
<pre>/log/firmware/firmware/usr/lib/python3.8/sre_compile.py:660:23: E0602: Undefined variable 'CATEGORY' (undefined-variable)</pre>
<pre>/log/firmware/firmware/usr/lib/python3.8/sre_compile.py:666:24: E0602: Undefined variable 'IN' (undefined-variable)</pre>
<pre>/log/firmware/firmware/usr/lib/python3.8/sre_compile.py:666:28: E0602: Undefined variable 'IN_IGNORE' (undefined-variable)</pre>
<pre>/log/firmware/firmware/usr/lib/python3.8/sre_compile.py:666:39: E0602: Undefined variable 'IN_UNI_IGNORE' (undefined-variable)</pre>
<pre>/log/firmware/firmware/usr/lib/python3.8/sre_compile.py:666:54: E0602: Undefined variable 'IN_LOC_IGNORE' (undefined-variable)</pre>
<pre>/log/firmware/firmware/usr/lib/python3.8/sre_compile.py:671:24: E0602: Undefined variable 'RANGE' (undefined-variable)</pre>
<pre>/log/firmware/firmware/usr/lib/python3.8/sre_compile.py:671:31: E0602: Undefined variable 'RANGE_UNI_IGNORE' (undefined-variable)</pre>
<pre>/log/firmware/firmware/usr/lib/python3.8/sre_compile.py:672:16: C0103: Variable name "lo" doesn't conform to snake_case naming style (invalid-name)</pre>
<pre>/log/firmware/firmware/usr/lib/python3.8/sre_compile.py:672:20: C0103: Variable name "hi" doesn't conform to snake_case naming style (invalid-name)</pre>
<pre>/log/firmware/firmware/usr/lib/python3.8/sre_compile.py:675:23: E0602: Undefined variable 'CHARSET' (undefined-variable)</pre>
<pre>/log/firmware/firmware/usr/lib/python3.8/sre_compile.py:678:23: E0602: Undefined variable 'BIGCHARSET' (undefined-variable)</pre>
<pre>/log/firmware/firmware/usr/lib/python3.8/sre_compile.py:690:24: E0602: Undefined variable 'MARK' (undefined-variable)</pre>
<pre>/log/firmware/firmware/usr/lib/python3.8/sre_compile.py:690:30: E0602: Undefined variable 'GROUPREF' (undefined-variable)</pre>
<pre>/log/firmware/firmware/usr/lib/python3.8/sre_compile.py:690:40: E0602: Undefined variable 'GROUPREF_IGNORE' (undefined-variable)</pre>
<pre>/log/firmware/firmware/usr/lib/python3.8/sre_compile.py:690:57: E0602: Undefined variable 'GROUPREF_UNI_IGNORE' (undefined-variable)</pre>
<pre>/log/firmware/firmware/usr/lib/python3.8/sre_compile.py:691:24: E0602: Undefined variable 'GROUPREF_LOC_IGNORE' (undefined-variable)</pre>
<pre>/log/firmware/firmware/usr/lib/python3.8/sre_compile.py:695:23: E0602: Undefined variable 'JUMP' (undefined-variable)</pre>
<pre>/log/firmware/firmware/usr/lib/python3.8/sre_compile.py:699:23: E0602: Undefined variable 'BRANCH' (undefined-variable)</pre>
<pre>/log/firmware/firmware/usr/lib/python3.8/sre_compile.py:710:31: E0602: Undefined variable 'FAILURE' (undefined-variable)</pre>
<pre>/log/firmware/firmware/usr/lib/python3.8/sre_compile.py:712:24: E0602: Undefined variable 'REPEAT' (undefined-variable)</pre>
<pre>/log/firmware/firmware/usr/lib/python3.8/sre_compile.py:712:32: E0602: Undefined variable 'REPEAT_ONE' (undefined-variable)</pre>
<pre>/log/firmware/firmware/usr/lib/python3.8/sre_compile.py:712:44: E0602: Undefined variable 'MIN_REPEAT_ONE' (undefined-variable)</pre>
<pre>/log/firmware/firmware/usr/lib/python3.8/sre_compile.py:719:23: E0602: Undefined variable 'GROUPREF_EXISTS' (undefined-variable)</pre>
<pre>/log/firmware/firmware/usr/lib/python3.8/sre_compile.py:723:24: E0602: Undefined variable 'ASSERT' (undefined-variable)</pre>
<pre>/log/firmware/firmware/usr/lib/python3.8/sre_compile.py:723:32: E0602: Undefined variable 'ASSERT_NOT' (undefined-variable)</pre>
<pre>/log/firmware/firmware/usr/lib/python3.8/sre_compile.py:728:23: E0602: Undefined variable 'INFO' (undefined-variable)</pre>
<pre>/log/firmware/firmware/usr/lib/python3.8/sre_compile.py:686:20: W0612: Unused variable 'j' (unused-variable)</pre>
<pre>/log/firmware/firmware/usr/lib/python3.8/sre_compile.py:623:4: R0912: Too many branches (25/12) (too-many-branches)</pre>
<pre>/log/firmware/firmware/usr/lib/python3.8/sre_compile.py:623:4: R0915: Too many statements (115/50) (too-many-statements)</pre>
<pre>/log/firmware/firmware/usr/lib/python3.8/sre_compile.py:616:0: R0915: Too many statements (120/50) (too-many-statements)</pre>
<pre>/log/firmware/firmware/usr/lib/python3.8/sre_compile.py:759:0: C0103: Argument name "p" doesn't conform to snake_case naming style (invalid-name)</pre>
<pre>/log/firmware/firmware/usr/lib/python3.8/sre_compile.py:15:0: W0614: Unused import SRE_FLAG_VERBOSE from wildcard import (unused-wildcard-import)</pre>
<pre>/log/firmware/firmware/usr/lib/python3.8/sre_compile.py:15:0: W0614: Unused import SRE_FLAG_ASCII from wildcard import (unused-wildcard-import)</pre>
<pre>/log/firmware/firmware/usr/lib/python3.8/sre_compile.py:15:0: W0614: Unused import dump from wildcard import (unused-wildcard-import)</pre>
<pre>/log/firmware/firmware/usr/lib/python3.8/sre_compile.py:15:0: W0614: Unused import f from wildcard import (unused-wildcard-import)</pre>
<pre>/log/firmware/firmware/usr/lib/python3.8/sre_compile.py:15:0: W0614: Unused import MAXGROUPS from wildcard import (unused-wildcard-import)</pre>
<pre>/log/firmware/firmware/usr/lib/python3.8/sre_compile.py:14:0: C0411: standard import "import sre_parse" should be placed before "import _sre" (wrong-import-order)</pre>
<pre>/log/firmware/firmware/usr/lib/python3.8/sre_compile.py:15:0: C0411: standard import "from sre_constants import *" should be placed before "import _sre" (wrong-import-order)</pre>
<br />
<pre>------------------------------------</pre>
<pre>Your code has been rated at -1.69/10</pre>
<br />
  <!-- content end -->
</div>

<a href="https://github.com/e-m-b-a/emba" title="github.com/e-m-b-a/emba" target="_blank">
  <div id="buttonInfo" class="rectButtonVisible">
    <svg xmlns="http://www.w3.org/2000/svg" xmlns:xlink="http://www.w3.org/1999/xlink" aria-hidden="true" focusable="false" width="40" height="40" style="-ms-transform: rotate(360deg); -webkit-transform: rotate(360deg); transform: rotate(360deg);" preserveAspectRatio="xMidYMid meet" viewBox="0 0 21 21"><g fill="none" fill-rule="evenodd" transform="translate(2 2)"><g stroke="white" stroke-linecap="round" stroke-linejoin="round"><circle cx="8.5" cy="8.5" r="8"/><path d="M8.5 12.5v-4h-1"/><path d="M7.5 12.5h2"/></g><circle cx="8.5" cy="5.5" fill="white" r="1"/></g></svg>
  </div>
</a>
<div id="buttonBack" class="nonClickable rectButtonVisible"><svg xmlns="http://www.w3.org/2000/svg" xmlns:xlink="http://www.w3.org/1999/xlink" aria-hidden="true" focusable="false" width="40" height="40" style="-ms-transform: rotate(360deg); -webkit-transform: rotate(360deg); transform: rotate(360deg);" preserveAspectRatio="xMidYMid meet" viewBox="0 0 21 21"><path d="M9.5 14.5l4-4l-4-4" fill="none" stroke="#444" stroke-linecap="round" stroke-linejoin="round"/></svg></div>
<div id="buttonForward" class="nonClickable rectButtonVisible"><svg xmlns="http://www.w3.org/2000/svg" xmlns:xlink="http://www.w3.org/1999/xlink" aria-hidden="true" focusable="false" width="40" height="40" style="-ms-transform: rotate(360deg); -webkit-transform: rotate(360deg); transform: rotate(360deg);" preserveAspectRatio="xMidYMid meet" viewBox="0 0 21 21"><path d="M11.5 14.5l-4-4l4-4" fill="none" stroke="#444" stroke-linecap="round" stroke-linejoin="round"/></svg></div> 
<div id="buttonDown" class="rectButton" onclick="scrollDown()"><svg xmlns="http://www.w3.org/2000/svg" xmlns:xlink="http://www.w3.org/1999/xlink" aria-hidden="true" focusable="false" width="40" height="40" style="-ms-transform: rotate(360deg); -webkit-transform: rotate(360deg); transform: rotate(360deg);" preserveAspectRatio="xMidYMid meet" viewBox="0 0 21 21"><g fill="none" fill-rule="evenodd" stroke="#fff" stroke-linecap="round" stroke-linejoin="round"><path d="M14.5 6.5l-4 4l-4-4"/><path d="M14.5 10.5l-4 4l-4-4"/></g></svg></div>
<div id="buttonUp" class="rectButton" onclick="scrollUp()"><svg xmlns="http://www.w3.org/2000/svg" xmlns:xlink="http://www.w3.org/1999/xlink" aria-hidden="true" focusable="false" width="40" height="40" style="-ms-transform: rotate(360deg); -webkit-transform: rotate(360deg); transform: rotate(360deg);" preserveAspectRatio="xMidYMid meet" viewBox="0 0 21 21"><g fill="none" fill-rule="evenodd" stroke="#fff" stroke-linecap="round" stroke-linejoin="round"><path d="M6.5 14.5l4-4l4 4"/><path d="M6.5 10.5l4-4l4 4"/></g></svg></div> 

<script>
window.onload = function () {
  var buttons = document.getElementsByClassName("rectButton");
  for (let i=0; i<buttons.length; i++) {
    buttons[i].style.visibility = "visible";
  }
  var buttonDown = document.getElementById("buttonDown");
  buttonDown.classList.add('rectButtonVisible');
  buttonDown.classList.remove('rectButton');

  var buttonUp = document.getElementById("buttonUp");
  buttonUp.classList.add('rectButtonVisible');
  buttonUp.classList.remove('rectButton');
    
  var buttonSizer = document.getElementById("buttonSizer");
  buttonSizer.innerHTML = '<svg xmlns="http://www.w3.org/2000/svg" xmlns:xlink="http://www.w3.org/1999/xlink" aria-hidden="true" focusable="false" width="40" height="40" style="-ms-transform: rotate(360deg); -webkit-transform: rotate(360deg); transform: rotate(360deg);" preserveAspectRatio="xMidYMid meet" viewBox="0 0 21 21"><g fill="none" fill-rule="evenodd" stroke="white" stroke-linecap="round" stroke-linejoin="round"><path d="M9.5 16.5v-4.978l-5-.022"/><path d="M18.5 2.5l-7 7"/><path d="M16.5 9.5l-5 .023V4.5"/><path d="M9.5 11.5l-7 7"/></g></svg>';
  if (document.getElementById("buttonTime") !== null) {
    var buttonTime = document.getElementById("buttonTime");
    buttonTime.style.bottom = "50px";
  }
  document.getElementById("expand").value = "+ Show more results";
  document.getElementById("expand").className += " expand";
}

function openNav() {
  document.getElementById("sidenav").style.width = "250px";
  document.getElementById("main").style.marginLeft = "250px";
  document.getElementById("nav").style.visibility = "visible";
}

function closeNav() {
  document.getElementById("sidenav").style.width = "50px";
  document.getElementById("sidenav").scrollTop = 0;
  document.getElementById("main").style.marginLeft = "50px";
  document.getElementById("nav").style.visibility = "hidden";
}

function scrollDown() {
  window.scrollTo(0,document.body.scrollHeight);
}

function scrollUp() {
  window.scrollTo(0,0);
}

function buttonNav() {
  var button = document.getElementById("buttonSizer");
  if ( button.classList.contains('buttonOpen') ) {
    button.classList.remove('buttonOpen');
    button.classList.add('buttonClose');
    button.innerHTML = '<svg xmlns="http://www.w3.org/2000/svg" xmlns:xlink="http://www.w3.org/1999/xlink" aria-hidden="true" focusable="false" width="40" height="40" style="-ms-transform: rotate(360deg); -webkit-transform: rotate(360deg); transform: rotate(360deg);" preserveAspectRatio="xMidYMid meet" viewBox="0 0 21 21"><g fill="none" fill-rule="evenodd" stroke="white" stroke-linecap="round" stroke-linejoin="round"><path d="M9.5 16.5v-4.978l-5-.022"/><path d="M18.5 2.5l-7 7"/><path d="M16.5 9.5l-5 .023V4.5"/><path d="M9.5 11.5l-7 7"/></g></svg>';
    openNav();
  } else if( button.classList.contains('buttonClose') ) {
    button.classList.remove('buttonClose');
    button.classList.add('buttonOpen');
    button.innerHTML = '<svg xmlns="http://www.w3.org/2000/svg" xmlns:xlink="http://www.w3.org/1999/xlink" aria-hidden="true" focusable="false" width="40" height="40" style="-ms-transform: rotate(360deg); -webkit-transform: rotate(360deg); transform: rotate(360deg);" preserveAspectRatio="xMidYMid meet" viewBox="0 0 21 21"><g fill="none" fill-rule="evenodd" stroke="white" stroke-linecap="round" stroke-linejoin="round"><path d="M18.5 7.5v-5h-5"/><path d="M18.5 2.5l-6 5.929"/><path d="M7.5 18.5l-5 .023V13.5"/><path d="M8.5 12.5l-6 6"/></g></svg>';
    closeNav();
  };
}

document.onkeydown = function(e) {
    switch (e.keyCode) {
      case 37:
        document.getElementById("buttonForward").parentNode.click(); 
        break;
      case 39:
        document.getElementById("buttonBack").parentNode.click();       
        break;
    }
};
</script>

</body>
</html>
