************* Module sre_compile
/log/firmware/firmware/usr/lib/python3.8/sre_compile.py:759:0: W0622: Redefining built-in 'compile' (redefined-builtin)
/log/firmware/firmware/usr/lib/python3.8/sre_compile.py:15:0: W0401: Wildcard import sre_constants (wildcard-import)
/log/firmware/firmware/usr/lib/python3.8/sre_compile.py:19:18: E0602: Undefined variable 'LITERAL' (undefined-variable)
/log/firmware/firmware/usr/lib/python3.8/sre_compile.py:19:27: E0602: Undefined variable 'NOT_LITERAL' (undefined-variable)
/log/firmware/firmware/usr/lib/python3.8/sre_compile.py:20:20: E0602: Undefined variable 'REPEAT' (undefined-variable)
/log/firmware/firmware/usr/lib/python3.8/sre_compile.py:20:28: E0602: Undefined variable 'MIN_REPEAT' (undefined-variable)
/log/firmware/firmware/usr/lib/python3.8/sre_compile.py:20:40: E0602: Undefined variable 'MAX_REPEAT' (undefined-variable)
/log/firmware/firmware/usr/lib/python3.8/sre_compile.py:21:18: E0602: Undefined variable 'SUCCESS' (undefined-variable)
/log/firmware/firmware/usr/lib/python3.8/sre_compile.py:21:27: E0602: Undefined variable 'FAILURE' (undefined-variable)
/log/firmware/firmware/usr/lib/python3.8/sre_compile.py:22:17: E0602: Undefined variable 'ASSERT' (undefined-variable)
/log/firmware/firmware/usr/lib/python3.8/sre_compile.py:22:25: E0602: Undefined variable 'ASSERT_NOT' (undefined-variable)
/log/firmware/firmware/usr/lib/python3.8/sre_compile.py:23:32: E0602: Undefined variable 'ANY' (undefined-variable)
/log/firmware/firmware/usr/lib/python3.8/sre_compile.py:23:37: E0602: Undefined variable 'IN' (undefined-variable)
/log/firmware/firmware/usr/lib/python3.8/sre_compile.py:65:0: C0103: Argument name "TYPE_FLAGS" doesn't conform to snake_case naming style (invalid-name)
/log/firmware/firmware/usr/lib/python3.8/sre_compile.py:71:0: R0914: Too many local variables (28/15) (too-many-locals)
/log/firmware/firmware/usr/lib/python3.8/sre_compile.py:75:4: C0103: Variable name "LITERAL_CODES" doesn't conform to snake_case naming style (invalid-name)
/log/firmware/firmware/usr/lib/python3.8/sre_compile.py:76:4: C0103: Variable name "REPEATING_CODES" doesn't conform to snake_case naming style (invalid-name)
/log/firmware/firmware/usr/lib/python3.8/sre_compile.py:77:4: C0103: Variable name "SUCCESS_CODES" doesn't conform to snake_case naming style (invalid-name)
/log/firmware/firmware/usr/lib/python3.8/sre_compile.py:78:4: C0103: Variable name "ASSERT_CODES" doesn't conform to snake_case naming style (invalid-name)
/log/firmware/firmware/usr/lib/python3.8/sre_compile.py:90:8: C0103: Variable name "op" doesn't conform to snake_case naming style (invalid-name)
/log/firmware/firmware/usr/lib/python3.8/sre_compile.py:90:12: C0103: Variable name "av" doesn't conform to snake_case naming style (invalid-name)
/log/firmware/firmware/usr/lib/python3.8/sre_compile.py:102:16: C0103: Variable name "lo" doesn't conform to snake_case naming style (invalid-name)
/log/firmware/firmware/usr/lib/python3.8/sre_compile.py:110:25: E0602: Undefined variable 'IN_UNI_IGNORE' (undefined-variable)
/log/firmware/firmware/usr/lib/python3.8/sre_compile.py:111:39: C0321: More than one statement on a single line (multiple-statements)
/log/firmware/firmware/usr/lib/python3.8/sre_compile.py:112:29: E0602: Undefined variable 'NOT_LITERAL' (undefined-variable)
/log/firmware/firmware/usr/lib/python3.8/sre_compile.py:113:29: E0602: Undefined variable 'NEGATE' (undefined-variable)
/log/firmware/firmware/usr/lib/python3.8/sre_compile.py:115:29: E0602: Undefined variable 'LITERAL' (undefined-variable)
/log/firmware/firmware/usr/lib/python3.8/sre_compile.py:117:25: E0602: Undefined variable 'FAILURE' (undefined-variable)
/log/firmware/firmware/usr/lib/python3.8/sre_compile.py:119:19: E0602: Undefined variable 'IN' (undefined-variable)
/log/firmware/firmware/usr/lib/python3.8/sre_compile.py:122:21: E0602: Undefined variable 'IN_LOC_IGNORE' (undefined-variable)
/log/firmware/firmware/usr/lib/python3.8/sre_compile.py:124:21: E0602: Undefined variable 'IN' (undefined-variable)
/log/firmware/firmware/usr/lib/python3.8/sre_compile.py:126:21: E0602: Undefined variable 'IN_IGNORE' (undefined-variable)
/log/firmware/firmware/usr/lib/python3.8/sre_compile.py:128:21: E0602: Undefined variable 'IN_UNI_IGNORE' (undefined-variable)
/log/firmware/firmware/usr/lib/python3.8/sre_compile.py:129:31: C0321: More than one statement on a single line (multiple-statements)
/log/firmware/firmware/usr/lib/python3.8/sre_compile.py:132:19: E0602: Undefined variable 'ANY' (undefined-variable)
/log/firmware/firmware/usr/lib/python3.8/sre_compile.py:134:21: E0602: Undefined variable 'ANY_ALL' (undefined-variable)
/log/firmware/firmware/usr/lib/python3.8/sre_compile.py:136:21: E0602: Undefined variable 'ANY' (undefined-variable)
/log/firmware/firmware/usr/lib/python3.8/sre_compile.py:141:25: E0602: Undefined variable 'MAX_REPEAT' (undefined-variable)
/log/firmware/firmware/usr/lib/python3.8/sre_compile.py:142:25: E0602: Undefined variable 'REPEAT_ONE' (undefined-variable)
/log/firmware/firmware/usr/lib/python3.8/sre_compile.py:144:25: E0602: Undefined variable 'MIN_REPEAT_ONE' (undefined-variable)
/log/firmware/firmware/usr/lib/python3.8/sre_compile.py:145:35: C0321: More than one statement on a single line (multiple-statements)
/log/firmware/firmware/usr/lib/python3.8/sre_compile.py:149:21: E0602: Undefined variable 'SUCCESS' (undefined-variable)
/log/firmware/firmware/usr/lib/python3.8/sre_compile.py:152:21: E0602: Undefined variable 'REPEAT' (undefined-variable)
/log/firmware/firmware/usr/lib/python3.8/sre_compile.py:153:35: C0321: More than one statement on a single line (multiple-statements)
/log/firmware/firmware/usr/lib/python3.8/sre_compile.py:158:25: E0602: Undefined variable 'MAX_REPEAT' (undefined-variable)
/log/firmware/firmware/usr/lib/python3.8/sre_compile.py:159:25: E0602: Undefined variable 'MAX_UNTIL' (undefined-variable)
/log/firmware/firmware/usr/lib/python3.8/sre_compile.py:161:25: E0602: Undefined variable 'MIN_UNTIL' (undefined-variable)
/log/firmware/firmware/usr/lib/python3.8/sre_compile.py:162:19: E0602: Undefined variable 'SUBPATTERN' (undefined-variable)
/log/firmware/firmware/usr/lib/python3.8/sre_compile.py:163:41: C0103: Variable name "p" doesn't conform to snake_case naming style (invalid-name)
/log/firmware/firmware/usr/lib/python3.8/sre_compile.py:165:21: E0602: Undefined variable 'MARK' (undefined-variable)
/log/firmware/firmware/usr/lib/python3.8/sre_compile.py:170:21: E0602: Undefined variable 'MARK' (undefined-variable)
/log/firmware/firmware/usr/lib/python3.8/sre_compile.py:176:31: C0321: More than one statement on a single line (multiple-statements)
/log/firmware/firmware/usr/lib/python3.8/sre_compile.py:180:16: C0103: Variable name "lo" doesn't conform to snake_case naming style (invalid-name)
/log/firmware/firmware/usr/lib/python3.8/sre_compile.py:180:20: C0103: Variable name "hi" doesn't conform to snake_case naming style (invalid-name)
/log/firmware/firmware/usr/lib/python3.8/sre_compile.py:185:17: E0602: Undefined variable 'SUCCESS' (undefined-variable)
/log/firmware/firmware/usr/lib/python3.8/sre_compile.py:187:19: E0602: Undefined variable 'CALL' (undefined-variable)
/log/firmware/firmware/usr/lib/python3.8/sre_compile.py:189:31: C0321: More than one statement on a single line (multiple-statements)
/log/firmware/firmware/usr/lib/python3.8/sre_compile.py:191:17: E0602: Undefined variable 'SUCCESS' (undefined-variable)
/log/firmware/firmware/usr/lib/python3.8/sre_compile.py:193:19: E0602: Undefined variable 'AT' (undefined-variable)
/log/firmware/firmware/usr/lib/python3.8/sre_compile.py:196:16: C0103: Variable name "av" doesn't conform to snake_case naming style (invalid-name)
/log/firmware/firmware/usr/lib/python3.8/sre_compile.py:198:16: C0103: Variable name "av" doesn't conform to snake_case naming style (invalid-name)
/log/firmware/firmware/usr/lib/python3.8/sre_compile.py:200:16: C0103: Variable name "av" doesn't conform to snake_case naming style (invalid-name)
/log/firmware/firmware/usr/lib/python3.8/sre_compile.py:202:19: E0602: Undefined variable 'BRANCH' (undefined-variable)
/log/firmware/firmware/usr/lib/python3.8/sre_compile.py:206:12: W0621: Redefining name 'av' from outer scope (line 90) (redefined-outer-name)
/log/firmware/firmware/usr/lib/python3.8/sre_compile.py:206:16: C0103: Variable name "av" doesn't conform to snake_case naming style (invalid-name)
/log/firmware/firmware/usr/lib/python3.8/sre_compile.py:207:35: C0321: More than one statement on a single line (multiple-statements)
/log/firmware/firmware/usr/lib/python3.8/sre_compile.py:210:21: E0602: Undefined variable 'JUMP' (undefined-variable)
/log/firmware/firmware/usr/lib/python3.8/sre_compile.py:211:40: C0321: More than one statement on a single line (multiple-statements)
/log/firmware/firmware/usr/lib/python3.8/sre_compile.py:213:17: E0602: Undefined variable 'FAILURE' (undefined-variable)
/log/firmware/firmware/usr/lib/python3.8/sre_compile.py:216:19: E0602: Undefined variable 'CATEGORY' (undefined-variable)
/log/firmware/firmware/usr/lib/python3.8/sre_compile.py:219:16: C0103: Variable name "av" doesn't conform to snake_case naming style (invalid-name)
/log/firmware/firmware/usr/lib/python3.8/sre_compile.py:221:16: C0103: Variable name "av" doesn't conform to snake_case naming style (invalid-name)
/log/firmware/firmware/usr/lib/python3.8/sre_compile.py:223:19: E0602: Undefined variable 'GROUPREF' (undefined-variable)
/log/firmware/firmware/usr/lib/python3.8/sre_compile.py:227:21: E0602: Undefined variable 'GROUPREF_LOC_IGNORE' (undefined-variable)
/log/firmware/firmware/usr/lib/python3.8/sre_compile.py:229:21: E0602: Undefined variable 'GROUPREF_IGNORE' (undefined-variable)
/log/firmware/firmware/usr/lib/python3.8/sre_compile.py:231:21: E0602: Undefined variable 'GROUPREF_UNI_IGNORE' (undefined-variable)
/log/firmware/firmware/usr/lib/python3.8/sre_compile.py:233:19: E0602: Undefined variable 'GROUPREF_EXISTS' (undefined-variable)
/log/firmware/firmware/usr/lib/python3.8/sre_compile.py:236:34: C0321: More than one statement on a single line (multiple-statements)
/log/firmware/firmware/usr/lib/python3.8/sre_compile.py:239:21: E0602: Undefined variable 'JUMP' (undefined-variable)
/log/firmware/firmware/usr/lib/python3.8/sre_compile.py:240:37: C0321: More than one statement on a single line (multiple-statements)
/log/firmware/firmware/usr/lib/python3.8/sre_compile.py:71:0: R0912: Too many branches (58/12) (too-many-branches)
/log/firmware/firmware/usr/lib/python3.8/sre_compile.py:71:0: R0915: Too many statements (180/50) (too-many-statements)
/log/firmware/firmware/usr/lib/python3.8/sre_compile.py:252:8: C0103: Variable name "op" doesn't conform to snake_case naming style (invalid-name)
/log/firmware/firmware/usr/lib/python3.8/sre_compile.py:252:12: C0103: Variable name "av" doesn't conform to snake_case naming style (invalid-name)
/log/firmware/firmware/usr/lib/python3.8/sre_compile.py:254:17: E0602: Undefined variable 'NEGATE' (undefined-variable)
/log/firmware/firmware/usr/lib/python3.8/sre_compile.py:256:19: E0602: Undefined variable 'LITERAL' (undefined-variable)
/log/firmware/firmware/usr/lib/python3.8/sre_compile.py:258:19: E0602: Undefined variable 'RANGE' (undefined-variable)
/log/firmware/firmware/usr/lib/python3.8/sre_compile.py:258:34: E0602: Undefined variable 'RANGE_UNI_IGNORE' (undefined-variable)
/log/firmware/firmware/usr/lib/python3.8/sre_compile.py:261:19: E0602: Undefined variable 'CHARSET' (undefined-variable)
/log/firmware/firmware/usr/lib/python3.8/sre_compile.py:263:19: E0602: Undefined variable 'BIGCHARSET' (undefined-variable)
/log/firmware/firmware/usr/lib/python3.8/sre_compile.py:265:19: E0602: Undefined variable 'CATEGORY' (undefined-variable)
/log/firmware/firmware/usr/lib/python3.8/sre_compile.py:274:9: E0602: Undefined variable 'FAILURE' (undefined-variable)
/log/firmware/firmware/usr/lib/python3.8/sre_compile.py:276:0: R0914: Too many local variables (22/15) (too-many-locals)
/log/firmware/firmware/usr/lib/python3.8/sre_compile.py:282:8: C0103: Variable name "op" doesn't conform to snake_case naming style (invalid-name)
/log/firmware/firmware/usr/lib/python3.8/sre_compile.py:282:12: C0103: Variable name "av" doesn't conform to snake_case naming style (invalid-name)
/log/firmware/firmware/usr/lib/python3.8/sre_compile.py:285:25: E0602: Undefined variable 'LITERAL' (undefined-variable)
/log/firmware/firmware/usr/lib/python3.8/sre_compile.py:287:24: C0103: Variable name "lo" doesn't conform to snake_case naming style (invalid-name)
/log/firmware/firmware/usr/lib/python3.8/sre_compile.py:282:4: R1702: Too many nested blocks (7/5) (too-many-nested-blocks)
/log/firmware/firmware/usr/lib/python3.8/sre_compile.py:282:4: R1702: Too many nested blocks (6/5) (too-many-nested-blocks)
/log/firmware/firmware/usr/lib/python3.8/sre_compile.py:296:27: E0602: Undefined variable 'RANGE' (undefined-variable)
/log/firmware/firmware/usr/lib/python3.8/sre_compile.py:297:20: C0103: Variable name "r" doesn't conform to snake_case naming style (invalid-name)
/log/firmware/firmware/usr/lib/python3.8/sre_compile.py:282:4: R1702: Too many nested blocks (9/5) (too-many-nested-blocks)
/log/firmware/firmware/usr/lib/python3.8/sre_compile.py:282:4: R1702: Too many nested blocks (7/5) (too-many-nested-blocks)
/log/firmware/firmware/usr/lib/python3.8/sre_compile.py:282:4: R1702: Too many nested blocks (6/5) (too-many-nested-blocks)
/log/firmware/firmware/usr/lib/python3.8/sre_compile.py:313:27: E0602: Undefined variable 'NEGATE' (undefined-variable)
/log/firmware/firmware/usr/lib/python3.8/sre_compile.py:328:29: E0602: Undefined variable 'RANGE' (undefined-variable)
/log/firmware/firmware/usr/lib/python3.8/sre_compile.py:329:24: C0103: Variable name "op" doesn't conform to snake_case naming style (invalid-name)
/log/firmware/firmware/usr/lib/python3.8/sre_compile.py:329:29: E0602: Undefined variable 'RANGE_UNI_IGNORE' (undefined-variable)
/log/firmware/firmware/usr/lib/python3.8/sre_compile.py:335:4: C0103: Variable name "q" doesn't conform to snake_case naming style (invalid-name)
/log/firmware/firmware/usr/lib/python3.8/sre_compile.py:337:8: C0103: Variable name "p" doesn't conform to snake_case naming style (invalid-name)
/log/firmware/firmware/usr/lib/python3.8/sre_compile.py:343:8: C0103: Variable name "q" doesn't conform to snake_case naming style (invalid-name)
/log/firmware/firmware/usr/lib/python3.8/sre_compile.py:350:12: C0103: Variable name "p" doesn't conform to snake_case naming style (invalid-name)
/log/firmware/firmware/usr/lib/python3.8/sre_compile.py:350:15: C0103: Variable name "q" doesn't conform to snake_case naming style (invalid-name)
/log/firmware/firmware/usr/lib/python3.8/sre_compile.py:352:28: E0602: Undefined variable 'LITERAL' (undefined-variable)
/log/firmware/firmware/usr/lib/python3.8/sre_compile.py:354:28: E0602: Undefined variable 'RANGE' (undefined-variable)
/log/firmware/firmware/usr/lib/python3.8/sre_compile.py:365:20: E0602: Undefined variable 'CHARSET' (undefined-variable)
/log/firmware/firmware/usr/lib/python3.8/sre_compile.py:404:16: E0602: Undefined variable 'BIGCHARSET' (undefined-variable)
/log/firmware/firmware/usr/lib/python3.8/sre_compile.py:276:0: R0912: Too many branches (38/12) (too-many-branches)
/log/firmware/firmware/usr/lib/python3.8/sre_compile.py:276:0: R0915: Too many statements (83/50) (too-many-statements)
/log/firmware/firmware/usr/lib/python3.8/sre_compile.py:411:0: C0103: Argument name "_CODEBITS" doesn't conform to snake_case naming style (invalid-name)
/log/firmware/firmware/usr/lib/python3.8/sre_compile.py:412:4: C0103: Variable name "s" doesn't conform to snake_case naming style (invalid-name)
/log/firmware/firmware/usr/lib/python3.8/sre_compile.py:416:0: C0103: Argument name "b" doesn't conform to snake_case naming style (invalid-name)
/log/firmware/firmware/usr/lib/python3.8/sre_compile.py:418:4: C0103: Variable name "a" doesn't conform to snake_case naming style (invalid-name)
/log/firmware/firmware/usr/lib/python3.8/sre_compile.py:423:0: C0103: Argument name "p" doesn't conform to snake_case naming style (invalid-name)
/log/firmware/firmware/usr/lib/python3.8/sre_compile.py:427:4: C0103: Variable name "op" doesn't conform to snake_case naming style (invalid-name)
/log/firmware/firmware/usr/lib/python3.8/sre_compile.py:427:8: C0103: Variable name "av" doesn't conform to snake_case naming style (invalid-name)
/log/firmware/firmware/usr/lib/python3.8/sre_compile.py:428:13: E0602: Undefined variable 'SUBPATTERN' (undefined-variable)
/log/firmware/firmware/usr/lib/python3.8/sre_compile.py:454:4: R1705: Unnecessary "elif" after "return" (no-else-return)
/log/firmware/firmware/usr/lib/python3.8/sre_compile.py:461:0: R0914: Too many local variables (16/15) (too-many-locals)
/log/firmware/firmware/usr/lib/python3.8/sre_compile.py:467:8: C0103: Variable name "op" doesn't conform to snake_case naming style (invalid-name)
/log/firmware/firmware/usr/lib/python3.8/sre_compile.py:467:12: C0103: Variable name "av" doesn't conform to snake_case naming style (invalid-name)
/log/firmware/firmware/usr/lib/python3.8/sre_compile.py:468:17: E0602: Undefined variable 'LITERAL' (undefined-variable)
/log/firmware/firmware/usr/lib/python3.8/sre_compile.py:472:19: E0602: Undefined variable 'SUBPATTERN' (undefined-variable)
/log/firmware/firmware/usr/lib/python3.8/sre_compile.py:473:41: C0103: Variable name "p" doesn't conform to snake_case naming style (invalid-name)
/log/firmware/firmware/usr/lib/python3.8/sre_compile.py:496:8: C0103: Variable name "op" doesn't conform to snake_case naming style (invalid-name)
/log/firmware/firmware/usr/lib/python3.8/sre_compile.py:496:12: C0103: Variable name "av" doesn't conform to snake_case naming style (invalid-name)
/log/firmware/firmware/usr/lib/python3.8/sre_compile.py:497:21: E0602: Undefined variable 'SUBPATTERN' (undefined-variable)
/log/firmware/firmware/usr/lib/python3.8/sre_compile.py:505:4: R1705: Unnecessary "elif" after "return" (no-else-return)
/log/firmware/firmware/usr/lib/python3.8/sre_compile.py:505:13: E0602: Undefined variable 'LITERAL' (undefined-variable)
/log/firmware/firmware/usr/lib/python3.8/sre_compile.py:509:15: E0602: Undefined variable 'BRANCH' (undefined-variable)
/log/firmware/firmware/usr/lib/python3.8/sre_compile.py:512:12: C0103: Variable name "p" doesn't conform to snake_case naming style (invalid-name)
/log/firmware/firmware/usr/lib/python3.8/sre_compile.py:515:12: C0103: Variable name "op" doesn't conform to snake_case naming style (invalid-name)
/log/firmware/firmware/usr/lib/python3.8/sre_compile.py:515:16: C0103: Variable name "av" doesn't conform to snake_case naming style (invalid-name)
/log/firmware/firmware/usr/lib/python3.8/sre_compile.py:516:21: E0602: Undefined variable 'LITERAL' (undefined-variable)
/log/firmware/firmware/usr/lib/python3.8/sre_compile.py:521:15: E0602: Undefined variable 'IN' (undefined-variable)
/log/firmware/firmware/usr/lib/python3.8/sre_compile.py:524:16: C0103: Variable name "op" doesn't conform to snake_case naming style (invalid-name)
/log/firmware/firmware/usr/lib/python3.8/sre_compile.py:524:20: C0103: Variable name "av" doesn't conform to snake_case naming style (invalid-name)
/log/firmware/firmware/usr/lib/python3.8/sre_compile.py:525:25: E0602: Undefined variable 'LITERAL' (undefined-variable)
/log/firmware/firmware/usr/lib/python3.8/sre_compile.py:528:27: E0602: Undefined variable 'RANGE' (undefined-variable)
/log/firmware/firmware/usr/lib/python3.8/sre_compile.py:499:8: W0612: Unused variable 'group' (unused-variable)
/log/firmware/firmware/usr/lib/python3.8/sre_compile.py:492:0: R0911: Too many return statements (12/6) (too-many-return-statements)
/log/firmware/firmware/usr/lib/python3.8/sre_compile.py:492:0: R0912: Too many branches (19/12) (too-many-branches)
/log/firmware/firmware/usr/lib/python3.8/sre_compile.py:540:4: C0103: Variable name "lo" doesn't conform to snake_case naming style (invalid-name)
/log/firmware/firmware/usr/lib/python3.8/sre_compile.py:540:8: C0103: Variable name "hi" doesn't conform to snake_case naming style (invalid-name)
/log/firmware/firmware/usr/lib/python3.8/sre_compile.py:542:8: C0103: Variable name "hi" doesn't conform to snake_case naming style (invalid-name)
/log/firmware/firmware/usr/lib/python3.8/sre_compile.py:544:21: E0602: Undefined variable 'INFO' (undefined-variable)
/log/firmware/firmware/usr/lib/python3.8/sre_compile.py:562:9: E0602: Undefined variable 'INFO' (undefined-variable)
/log/firmware/firmware/usr/lib/python3.8/sre_compile.py:563:22: C0321: More than one statement on a single line (multiple-statements)
/log/firmware/firmware/usr/lib/python3.8/sre_compile.py:598:0: C0103: Argument name "p" doesn't conform to snake_case naming style (invalid-name)
/log/firmware/firmware/usr/lib/python3.8/sre_compile.py:609:16: E0602: Undefined variable 'SUCCESS' (undefined-variable)
/log/firmware/firmware/usr/lib/python3.8/sre_compile.py:617:4: C0415: Import outside toplevel (sys) (import-outside-toplevel)
/log/firmware/firmware/usr/lib/python3.8/sre_compile.py:713:22: W0622: Redefining built-in 'min' (redefined-builtin)
/log/firmware/firmware/usr/lib/python3.8/sre_compile.py:713:27: W0622: Redefining built-in 'max' (redefined-builtin)
/log/firmware/firmware/usr/lib/python3.8/sre_compile.py:623:4: R0914: Too many local variables (19/15) (too-many-locals)
/log/firmware/firmware/usr/lib/python3.8/sre_compile.py:624:26: C0103: Variable name "to" doesn't conform to snake_case naming style (invalid-name)
/log/firmware/firmware/usr/lib/python3.8/sre_compile.py:641:12: C0103: Variable name "op" doesn't conform to snake_case naming style (invalid-name)
/log/firmware/firmware/usr/lib/python3.8/sre_compile.py:643:12: C0103: Variable name "op" doesn't conform to snake_case naming style (invalid-name)
/log/firmware/firmware/usr/lib/python3.8/sre_compile.py:644:22: E0602: Undefined variable 'SUCCESS' (undefined-variable)
/log/firmware/firmware/usr/lib/python3.8/sre_compile.py:644:31: E0602: Undefined variable 'FAILURE' (undefined-variable)
/log/firmware/firmware/usr/lib/python3.8/sre_compile.py:644:40: E0602: Undefined variable 'ANY' (undefined-variable)
/log/firmware/firmware/usr/lib/python3.8/sre_compile.py:644:45: E0602: Undefined variable 'ANY_ALL' (undefined-variable)
/log/firmware/firmware/usr/lib/python3.8/sre_compile.py:645:22: E0602: Undefined variable 'MAX_UNTIL' (undefined-variable)
/log/firmware/firmware/usr/lib/python3.8/sre_compile.py:645:33: E0602: Undefined variable 'MIN_UNTIL' (undefined-variable)
/log/firmware/firmware/usr/lib/python3.8/sre_compile.py:645:44: E0602: Undefined variable 'NEGATE' (undefined-variable)
/log/firmware/firmware/usr/lib/python3.8/sre_compile.py:647:24: E0602: Undefined variable 'LITERAL' (undefined-variable)
/log/firmware/firmware/usr/lib/python3.8/sre_compile.py:647:33: E0602: Undefined variable 'NOT_LITERAL' (undefined-variable)
/log/firmware/firmware/usr/lib/python3.8/sre_compile.py:648:24: E0602: Undefined variable 'LITERAL_IGNORE' (undefined-variable)
/log/firmware/firmware/usr/lib/python3.8/sre_compile.py:648:40: E0602: Undefined variable 'NOT_LITERAL_IGNORE' (undefined-variable)
/log/firmware/firmware/usr/lib/python3.8/sre_compile.py:649:24: E0602: Undefined variable 'LITERAL_UNI_IGNORE' (undefined-variable)
/log/firmware/firmware/usr/lib/python3.8/sre_compile.py:649:44: E0602: Undefined variable 'NOT_LITERAL_UNI_IGNORE' (undefined-variable)
/log/firmware/firmware/usr/lib/python3.8/sre_compile.py:650:24: E0602: Undefined variable 'LITERAL_LOC_IGNORE' (undefined-variable)
/log/firmware/firmware/usr/lib/python3.8/sre_compile.py:650:44: E0602: Undefined variable 'NOT_LITERAL_LOC_IGNORE' (undefined-variable)
/log/firmware/firmware/usr/lib/python3.8/sre_compile.py:654:23: E0602: Undefined variable 'AT' (undefined-variable)
/log/firmware/firmware/usr/lib/python3.8/sre_compile.py:660:23: E0602: Undefined variable 'CATEGORY' (undefined-variable)
/log/firmware/firmware/usr/lib/python3.8/sre_compile.py:666:24: E0602: Undefined variable 'IN' (undefined-variable)
/log/firmware/firmware/usr/lib/python3.8/sre_compile.py:666:28: E0602: Undefined variable 'IN_IGNORE' (undefined-variable)
/log/firmware/firmware/usr/lib/python3.8/sre_compile.py:666:39: E0602: Undefined variable 'IN_UNI_IGNORE' (undefined-variable)
/log/firmware/firmware/usr/lib/python3.8/sre_compile.py:666:54: E0602: Undefined variable 'IN_LOC_IGNORE' (undefined-variable)
/log/firmware/firmware/usr/lib/python3.8/sre_compile.py:671:24: E0602: Undefined variable 'RANGE' (undefined-variable)
/log/firmware/firmware/usr/lib/python3.8/sre_compile.py:671:31: E0602: Undefined variable 'RANGE_UNI_IGNORE' (undefined-variable)
/log/firmware/firmware/usr/lib/python3.8/sre_compile.py:672:16: C0103: Variable name "lo" doesn't conform to snake_case naming style (invalid-name)
/log/firmware/firmware/usr/lib/python3.8/sre_compile.py:672:20: C0103: Variable name "hi" doesn't conform to snake_case naming style (invalid-name)
/log/firmware/firmware/usr/lib/python3.8/sre_compile.py:675:23: E0602: Undefined variable 'CHARSET' (undefined-variable)
/log/firmware/firmware/usr/lib/python3.8/sre_compile.py:678:23: E0602: Undefined variable 'BIGCHARSET' (undefined-variable)
/log/firmware/firmware/usr/lib/python3.8/sre_compile.py:690:24: E0602: Undefined variable 'MARK' (undefined-variable)
/log/firmware/firmware/usr/lib/python3.8/sre_compile.py:690:30: E0602: Undefined variable 'GROUPREF' (undefined-variable)
/log/firmware/firmware/usr/lib/python3.8/sre_compile.py:690:40: E0602: Undefined variable 'GROUPREF_IGNORE' (undefined-variable)
/log/firmware/firmware/usr/lib/python3.8/sre_compile.py:690:57: E0602: Undefined variable 'GROUPREF_UNI_IGNORE' (undefined-variable)
/log/firmware/firmware/usr/lib/python3.8/sre_compile.py:691:24: E0602: Undefined variable 'GROUPREF_LOC_IGNORE' (undefined-variable)
/log/firmware/firmware/usr/lib/python3.8/sre_compile.py:695:23: E0602: Undefined variable 'JUMP' (undefined-variable)
/log/firmware/firmware/usr/lib/python3.8/sre_compile.py:699:23: E0602: Undefined variable 'BRANCH' (undefined-variable)
/log/firmware/firmware/usr/lib/python3.8/sre_compile.py:710:31: E0602: Undefined variable 'FAILURE' (undefined-variable)
/log/firmware/firmware/usr/lib/python3.8/sre_compile.py:712:24: E0602: Undefined variable 'REPEAT' (undefined-variable)
/log/firmware/firmware/usr/lib/python3.8/sre_compile.py:712:32: E0602: Undefined variable 'REPEAT_ONE' (undefined-variable)
/log/firmware/firmware/usr/lib/python3.8/sre_compile.py:712:44: E0602: Undefined variable 'MIN_REPEAT_ONE' (undefined-variable)
/log/firmware/firmware/usr/lib/python3.8/sre_compile.py:719:23: E0602: Undefined variable 'GROUPREF_EXISTS' (undefined-variable)
/log/firmware/firmware/usr/lib/python3.8/sre_compile.py:723:24: E0602: Undefined variable 'ASSERT' (undefined-variable)
/log/firmware/firmware/usr/lib/python3.8/sre_compile.py:723:32: E0602: Undefined variable 'ASSERT_NOT' (undefined-variable)
/log/firmware/firmware/usr/lib/python3.8/sre_compile.py:728:23: E0602: Undefined variable 'INFO' (undefined-variable)
/log/firmware/firmware/usr/lib/python3.8/sre_compile.py:686:20: W0612: Unused variable 'j' (unused-variable)
/log/firmware/firmware/usr/lib/python3.8/sre_compile.py:623:4: R0912: Too many branches (25/12) (too-many-branches)
/log/firmware/firmware/usr/lib/python3.8/sre_compile.py:623:4: R0915: Too many statements (115/50) (too-many-statements)
/log/firmware/firmware/usr/lib/python3.8/sre_compile.py:616:0: R0915: Too many statements (120/50) (too-many-statements)
/log/firmware/firmware/usr/lib/python3.8/sre_compile.py:759:0: C0103: Argument name "p" doesn't conform to snake_case naming style (invalid-name)
/log/firmware/firmware/usr/lib/python3.8/sre_compile.py:15:0: W0614: Unused import SRE_FLAG_VERBOSE from wildcard import (unused-wildcard-import)
/log/firmware/firmware/usr/lib/python3.8/sre_compile.py:15:0: W0614: Unused import SRE_FLAG_ASCII from wildcard import (unused-wildcard-import)
/log/firmware/firmware/usr/lib/python3.8/sre_compile.py:15:0: W0614: Unused import dump from wildcard import (unused-wildcard-import)
/log/firmware/firmware/usr/lib/python3.8/sre_compile.py:15:0: W0614: Unused import f from wildcard import (unused-wildcard-import)
/log/firmware/firmware/usr/lib/python3.8/sre_compile.py:15:0: W0614: Unused import MAXGROUPS from wildcard import (unused-wildcard-import)
/log/firmware/firmware/usr/lib/python3.8/sre_compile.py:14:0: C0411: standard import "import sre_parse" should be placed before "import _sre" (wrong-import-order)
/log/firmware/firmware/usr/lib/python3.8/sre_compile.py:15:0: C0411: standard import "from sre_constants import *" should be placed before "import _sre" (wrong-import-order)

------------------------------------
Your code has been rated at -1.69/10

